[08-Feb-2022 22:26:02] NOTICE: fpm is running, pid 1
[08-Feb-2022 22:26:02] NOTICE: ready to handle connections
[08-Feb-2022 22:26:02] NOTICE: systemd monitor interval set to 10000ms
[08-Feb-2022 22:27:30] NOTICE: Terminating ...
[08-Feb-2022 22:27:30] NOTICE: exiting, bye-bye!
[08-Feb-2022 22:28:04] NOTICE: fpm is running, pid 1
[08-Feb-2022 22:28:04] NOTICE: ready to handle connections
[08-Feb-2022 22:28:04] NOTICE: systemd monitor interval set to 10000ms
[08-Feb-2022 22:29:59] NOTICE: Terminating ...
[08-Feb-2022 22:29:59] NOTICE: exiting, bye-bye!
[08-Feb-2022 22:32:16] NOTICE: fpm is running, pid 1
[08-Feb-2022 22:32:16] NOTICE: ready to handle connections
[08-Feb-2022 22:32:16] NOTICE: systemd monitor interval set to 10000ms
[08-Feb-2022 22:33:22] NOTICE: Terminating ...
[08-Feb-2022 22:33:22] NOTICE: exiting, bye-bye!
[11-Mar-2022 07:57:45] NOTICE: fpm is running, pid 1
[11-Mar-2022 07:57:45] NOTICE: ready to handle connections
[11-Mar-2022 07:57:45] NOTICE: systemd monitor interval set to 10000ms
[11-Mar-2022 07:57:56] NOTICE: Terminating ...
[11-Mar-2022 07:57:56] NOTICE: exiting, bye-bye!
[20-Mar-2022 18:16:21] NOTICE: fpm is running, pid 1
[20-Mar-2022 18:16:21] NOTICE: ready to handle connections
[20-Mar-2022 18:16:21] NOTICE: systemd monitor interval set to 10000ms
[20-Mar-2022 18:20:32] NOTICE: Terminating ...
[20-Mar-2022 18:20:32] NOTICE: exiting, bye-bye!
[20-Mar-2022 18:21:15] NOTICE: fpm is running, pid 1
[20-Mar-2022 18:21:15] NOTICE: ready to handle connections
[20-Mar-2022 18:21:15] NOTICE: systemd monitor interval set to 10000ms
[20-Mar-2022 18:24:52] NOTICE: Terminating ...
[20-Mar-2022 18:24:52] NOTICE: exiting, bye-bye!
[20-Mar-2022 18:25:52] NOTICE: fpm is running, pid 1
[20-Mar-2022 18:25:52] NOTICE: ready to handle connections
[20-Mar-2022 18:25:52] NOTICE: systemd monitor interval set to 10000ms
